<?xml version="1.0" encoding="UTF-8"?>
<!-- Generated by org.testng.reporters.JUnitReportReporter -->
<testsuite skipped="0" hostname="Admin_SRV-PC" name="javaprogram.fabonnaciseroes" tests="1" failures="0" timestamp="2022-06-04T18:14:25 IST" time="7.766" errors="0">
  <testcase name="fabbonaci" time="7.766" classname="javaprogram.fabonnaciseroes"/>
  <system-out/>
</testsuite> <!-- javaprogram.fabonnaciseroes -->
