<?xml version="1.0" encoding="UTF-8"?>
<!-- Generated by org.testng.reporters.JUnitReportReporter -->
<testsuite skipped="0" hostname="Admin_SRV-PC" name="Restassured.deleteputnpatchmethod" tests="3" failures="0" timestamp="2022-06-02T17:10:14 IST" time="4.931" errors="0">
  <testcase name="testput" time="0.788" classname="Restassured.deleteputnpatchmethod"/>
  <system-out/>
  <testcase name="deletem" time="3.581" classname="Restassured.deleteputnpatchmethod"/>
  <system-out/>
  <testcase name="testput" time="0.562" classname="Restassured.deleteputnpatchmethod"/>
  <system-out/>
</testsuite> <!-- Restassured.deleteputnpatchmethod -->
