<?xml version="1.0" encoding="UTF-8"?>
<!-- Generated by org.testng.reporters.JUnitReportReporter -->
<testsuite skipped="0" hostname="Admin_SRV-PC" name="Restassured.getnpostmethod" tests="4" failures="0" timestamp="2022-06-02T11:30:56 IST" time="5.654" errors="0">
  <testcase name="getmethodtest" time="3.070" classname="Restassured.getnpostmethod"/>
  <system-out/>
  <testcase name="putmethodtest" time="0.895" classname="Restassured.getnpostmethod"/>
  <system-out/>
  <testcase name="putmethodtest" time="0.826" classname="Restassured.getnpostmethod"/>
  <system-out/>
  <testcase name="putmethodtest" time="0.863" classname="Restassured.getnpostmethod"/>
  <system-out/>
</testsuite> <!-- Restassured.getnpostmethod -->
