<?xml version="1.0" encoding="UTF-8"?>
<!-- Generated by org.testng.reporters.JUnitReportReporter -->
<testsuite skipped="0" hostname="Admin_SRV-PC" name="javaprogram.RevrseString" tests="1" failures="0" timestamp="2022-06-04T17:19:54 IST" time="0.011" errors="0">
  <testcase name="revstring" time="0.011" classname="javaprogram.RevrseString"/>
  <system-out/>
</testsuite> <!-- javaprogram.RevrseString -->
