<?xml version="1.0" encoding="UTF-8"?>
<!-- Generated by org.testng.reporters.JUnitReportReporter -->
<testsuite skipped="0" hostname="Admin_SRV-PC" name="javaprogram.oddevnprogram" tests="1" failures="0" timestamp="2022-06-04T17:41:41 IST" time="0.016" errors="0">
  <testcase name="oddevennumber" time="0.016" classname="javaprogram.oddevnprogram"/>
  <system-out/>
</testsuite> <!-- javaprogram.oddevnprogram -->
