<?xml version="1.0" encoding="UTF-8"?>
<!-- Generated by org.testng.reporters.JUnitReportReporter -->
<testsuite skipped="0" hostname="Admin_SRV-PC" name="handlewindows.Multiplewindowhandlingdemo" tests="1" failures="0" timestamp="2022-06-04T11:49:34 IST" time="39.054" errors="0">
  <testcase name="handlmult2" time="39.054" classname="handlewindows.Multiplewindowhandlingdemo"/>
  <system-out/>
</testsuite> <!-- handlewindows.Multiplewindowhandlingdemo -->
