<?xml version="1.0" encoding="UTF-8"?>
<!-- Generated by org.testng.reporters.JUnitReportReporter -->
<testsuite skipped="0" hostname="Admin_SRV-PC" name="javaprogram.factorial" tests="1" failures="0" timestamp="2022-06-04T18:03:52 IST" time="0.010" errors="0">
  <testcase name="testfact" time="0.010" classname="javaprogram.factorial"/>
  <system-out/>
</testsuite> <!-- javaprogram.factorial -->
