<?xml version="1.0" encoding="UTF-8"?>
<!-- Generated by org.testng.reporters.JUnitReportReporter -->
<testsuite skipped="0" hostname="Admin_SRV-PC" name="javaprogram.revresenumPalendirom" tests="2" failures="0" timestamp="2022-06-04T17:04:01 IST" time="0.013" errors="0">
  <testcase name="revrsenum" time="0.001" classname="javaprogram.revresenumPalendirom"/>
  <system-out/>
  <testcase name="palindrom" time="0.012" classname="javaprogram.revresenumPalendirom"/>
  <system-out/>
</testsuite> <!-- javaprogram.revresenumPalendirom -->
