<?xml version="1.0" encoding="UTF-8"?>
<!-- Generated by org.testng.reporters.JUnitReportReporter -->
<testsuite skipped="0" hostname="Admin_SRV-PC" name="javaprogram.pattern" tests="8" failures="0" timestamp="2022-06-04T16:43:25 IST" time="0.079" errors="0">
  <testcase name="leftsidecompletepatrn" time="0.000" classname="javaprogram.pattern"/>
  <system-out/>
  <testcase name="righttringle" time="0.000" classname="javaprogram.pattern"/>
  <system-out/>
  <testcase name="rightbottom" time="0.000" classname="javaprogram.pattern"/>
  <system-out/>
  <testcase name="leftsidebottompatrn" time="0.000" classname="javaprogram.pattern"/>
  <system-out/>
  <testcase name="completepyramide" time="0.032" classname="javaprogram.pattern"/>
  <system-out/>
  <testcase name="alphanumeric" time="0.032" classname="javaprogram.pattern"/>
  <system-out/>
  <testcase name="makerighttringle" time="0.000" classname="javaprogram.pattern"/>
  <system-out/>
  <testcase name="lefttringle" time="0.015" classname="javaprogram.pattern"/>
  <system-out/>
</testsuite> <!-- javaprogram.pattern -->
