<?xml version="1.0" encoding="UTF-8"?>
<!-- Generated by org.testng.reporters.JUnitReportReporter -->
<testsuite skipped="0" hostname="Admin_SRV-PC" name="javaprogram.swapnumber" tests="1" failures="0" timestamp="2022-06-04T17:38:24 IST" time="0.016" errors="0">
  <testcase name="swapnum" time="0.016" classname="javaprogram.swapnumber"/>
  <system-out/>
</testsuite> <!-- javaprogram.swapnumber -->
